TN:
SF:/Users/nelsonpereira/Documents/GitHub/Auditing/Fuzzy/Blogs/ElasticSwap_Recon/elasticswap-recon/lib/chimera/src/Asserts.sol
DA:1,0
end_of_record

SF:/Users/nelsonpereira/Documents/GitHub/Auditing/Fuzzy/Blogs/ElasticSwap_Recon/elasticswap-recon/lib/chimera/src/BaseProperties.sol
end_of_record

SF:/Users/nelsonpereira/Documents/GitHub/Auditing/Fuzzy/Blogs/ElasticSwap_Recon/elasticswap-recon/lib/chimera/src/BaseSetup.sol
end_of_record

SF:/Users/nelsonpereira/Documents/GitHub/Auditing/Fuzzy/Blogs/ElasticSwap_Recon/elasticswap-recon/lib/chimera/src/BaseTargetFunctions.sol
end_of_record

SF:/Users/nelsonpereira/Documents/GitHub/Auditing/Fuzzy/Blogs/ElasticSwap_Recon/elasticswap-recon/lib/chimera/src/CryticAsserts.sol
DA:6,0
end_of_record

SF:/Users/nelsonpereira/Documents/GitHub/Auditing/Fuzzy/Blogs/ElasticSwap_Recon/elasticswap-recon/lib/chimera/src/Hevm.sol
DA:30,0
end_of_record

SF:/Users/nelsonpereira/Documents/GitHub/Auditing/Fuzzy/Blogs/ElasticSwap_Recon/elasticswap-recon/lib/forge-std/src/console.sol
DA:4,0
end_of_record

SF:/Users/nelsonpereira/Documents/GitHub/Auditing/Fuzzy/Blogs/ElasticSwap_Recon/elasticswap-recon/node_modules/@openzeppelin/contracts/access/Ownable.sol
DA:29,0
DA:36,0
DA:43,0
DA:44,0
DA:50,0
DA:51,0
DA:61,0
DA:62,0
DA:69,0
DA:70,0
DA:71,0
DA:78,1
DA:79,2
DA:80,3
DA:81,0
end_of_record

SF:/Users/nelsonpereira/Documents/GitHub/Auditing/Fuzzy/Blogs/ElasticSwap_Recon/elasticswap-recon/node_modules/@openzeppelin/contracts/security/ReentrancyGuard.sol
DA:34,0
DA:35,2
DA:40,0
DA:51,12
DA:52,0
DA:53,1
DA:56,2
DA:58,15
DA:61,2
DA:64,1
DA:67,1
end_of_record

SF:/Users/nelsonpereira/Documents/GitHub/Auditing/Fuzzy/Blogs/ElasticSwap_Recon/elasticswap-recon/node_modules/@openzeppelin/contracts/token/ERC20/ERC20.sol
DA:38,0
DA:54,0
DA:55,0
DA:56,0
DA:62,8
DA:63,6
DA:70,2
DA:71,5
DA:87,0
DA:88,0
DA:94,5
DA:95,2
DA:101,10
DA:102,13
DA:113,2
DA:115,5
DA:122,1
DA:123,28
DA:136,6
DA:138,5
DA:139,2
DA:158,5
DA:160,1
DA:161,0
DA:162,2
DA:177,0
DA:179,0
DA:197,4
DA:199,0
DA:200,15
DA:202,8
DA:222,5
DA:223,13
DA:224,1
DA:228,14
DA:229,7
DA:231,12
DA:234,18
DA:237,15
DA:239,1
DA:251,4
DA:252,1
DA:256,15
DA:259,0
DA:261,7
DA:277,0
DA:278,2
DA:282,14
DA:283,15
DA:285,3
DA:287,5
DA:290,4
DA:308,5
DA:309,13
DA:310,13
DA:312,31
DA:313,12
DA:324,6
DA:325,1
DA:326,0
DA:327,2
DA:329,9
DA:348,0
end_of_record

SF:/Users/nelsonpereira/Documents/GitHub/Auditing/Fuzzy/Blogs/ElasticSwap_Recon/elasticswap-recon/node_modules/@openzeppelin/contracts/token/ERC20/IERC20.sol
end_of_record

SF:/Users/nelsonpereira/Documents/GitHub/Auditing/Fuzzy/Blogs/ElasticSwap_Recon/elasticswap-recon/node_modules/@openzeppelin/contracts/token/ERC20/extensions/ERC20Burnable.sol
DA:20,0
DA:21,0
DA:35,0
DA:36,0
DA:37,2
end_of_record

SF:/Users/nelsonpereira/Documents/GitHub/Auditing/Fuzzy/Blogs/ElasticSwap_Recon/elasticswap-recon/node_modules/@openzeppelin/contracts/token/ERC20/extensions/IERC20Metadata.sol
end_of_record

SF:/Users/nelsonpereira/Documents/GitHub/Auditing/Fuzzy/Blogs/ElasticSwap_Recon/elasticswap-recon/node_modules/@openzeppelin/contracts/token/ERC20/extensions/IERC20Permit.sol
end_of_record

SF:/Users/nelsonpereira/Documents/GitHub/Auditing/Fuzzy/Blogs/ElasticSwap_Recon/elasticswap-recon/node_modules/@openzeppelin/contracts/token/ERC20/presets/ERC20PresetFixedSupply.sol
DA:21,0
DA:27,0
DA:28,0
end_of_record

SF:/Users/nelsonpereira/Documents/GitHub/Auditing/Fuzzy/Blogs/ElasticSwap_Recon/elasticswap-recon/node_modules/@openzeppelin/contracts/token/ERC20/utils/SafeERC20.sol
DA:19,0
DA:26,1
DA:27,10
DA:34,0
DA:35,16
DA:117,1
DA:122,30
DA:123,3
end_of_record

SF:/Users/nelsonpereira/Documents/GitHub/Auditing/Fuzzy/Blogs/ElasticSwap_Recon/elasticswap-recon/node_modules/@openzeppelin/contracts/utils/Address.sol
DA:9,0
DA:45,0
DA:99,0
DA:103,0
DA:104,0
DA:128,0
DA:133,0
DA:134,3
DA:135,16
DA:136,0
DA:195,0
DA:200,0
DA:201,0
DA:202,0
DA:205,0
DA:207,0
DA:209,0
DA:233,0
DA:236,0
DA:237,0
DA:238,0
DA:241,0
end_of_record

SF:/Users/nelsonpereira/Documents/GitHub/Auditing/Fuzzy/Blogs/ElasticSwap_Recon/elasticswap-recon/node_modules/@openzeppelin/contracts/utils/Context.sol
DA:17,0
DA:18,5
end_of_record

SF:/Users/nelsonpereira/Documents/GitHub/Auditing/Fuzzy/Blogs/ElasticSwap_Recon/elasticswap-recon/src/contracts/Exchange.sol
DA:17,112
DA:21,0
DA:22,0
DA:23,0
DA:25,1
DA:26,1
DA:29,0
DA:53,59
DA:54,0
DA:65,0
DA:71,0
DA:72,0
DA:73,0
DA:74,0
DA:89,7
DA:96,0
DA:97,70
DA:98,2
DA:99,2
DA:100,2
DA:101,2
DA:102,2
DA:103,2
DA:104,13
DA:105,0
DA:106,0
DA:109,0
DA:110,0
DA:111,0
DA:113,0
DA:115,4
DA:116,27
DA:117,4
DA:121,0
DA:122,0
DA:124,0
DA:125,0
DA:129,0
DA:131,0
DA:134,0
DA:136,0
DA:138,0
DA:139,0
DA:140,0
DA:141,0
DA:144,0
DA:145,0
DA:146,0
DA:147,0
DA:153,0
DA:155,8
DA:156,2
DA:157,2
DA:158,1
DA:162,11
DA:163,0
DA:164,2
DA:165,5
DA:179,1
DA:185,1
DA:186,84
DA:187,11
DA:188,7
DA:192,4
DA:193,66
DA:194,4
DA:195,67
DA:197,82
DA:199,4
DA:200,31
DA:202,1
DA:206,7
DA:208,2
DA:209,12
DA:211,3
DA:212,12
DA:213,1
DA:215,6
DA:216,4
DA:220,6
DA:221,4
DA:229,0
DA:230,0
DA:231,0
DA:232,0
DA:233,0
DA:235,0
DA:236,0
DA:241,0
DA:242,1
DA:243,0
DA:244,0
DA:246,0
DA:247,0
DA:248,0
DA:249,0
DA:252,0
DA:253,3
DA:254,1
DA:257,0
DA:258,0
DA:259,0
DA:260,0
DA:264,0
DA:265,0
DA:266,0
DA:267,0
DA:268,0
DA:282,11
DA:286,1
DA:287,4
DA:288,11
DA:292,0
DA:293,0
DA:294,0
DA:295,0
DA:297,0
DA:300,0
DA:301,0
DA:302,0
DA:303,0
DA:306,0
DA:307,0
DA:318,10
DA:322,1
DA:323,11
DA:324,11
DA:328,1
DA:329,3
DA:330,0
DA:331,0
DA:332,8
DA:334,1
DA:337,2
DA:338,0
DA:339,0
DA:340,0
DA:343,8
DA:344,9
end_of_record

SF:/Users/nelsonpereira/Documents/GitHub/Auditing/Fuzzy/Blogs/ElasticSwap_Recon/elasticswap-recon/src/contracts/ExchangeFactory.sol
DA:17,0
DA:20,0
DA:22,0
DA:30,0
DA:31,0
DA:32,0
DA:40,0
DA:43,0
DA:44,0
DA:45,0
DA:48,0
DA:49,0
DA:50,0
DA:54,0
DA:55,0
DA:57,0
DA:58,0
DA:60,0
DA:61,0
DA:63,0
DA:67,0
DA:68,0
DA:69,0
DA:70,0
DA:73,0
DA:76,0
DA:78,0
DA:81,0
DA:82,0
DA:83,0
DA:86,0
DA:87,0
DA:90,0
DA:91,0
end_of_record

SF:/Users/nelsonpereira/Documents/GitHub/Auditing/Fuzzy/Blogs/ElasticSwap_Recon/elasticswap-recon/src/contracts/mocks/ElasticMock.sol
DA:10,46
DA:11,0
DA:16,0
DA:21,0
DA:25,0
end_of_record

SF:/Users/nelsonpereira/Documents/GitHub/Auditing/Fuzzy/Blogs/ElasticSwap_Recon/elasticswap-recon/src/contracts/mocks/MockERC20.sol
DA:6,76
DA:7,0
DA:9,0
DA:10,0
DA:13,1
DA:14,2
end_of_record

SF:/Users/nelsonpereira/Documents/GitHub/Auditing/Fuzzy/Blogs/ElasticSwap_Recon/elasticswap-recon/src/interfaces/IExchangeFactory.sol
end_of_record

SF:/Users/nelsonpereira/Documents/GitHub/Auditing/Fuzzy/Blogs/ElasticSwap_Recon/elasticswap-recon/src/libraries/MathLib.sol
DA:8,0
DA:26,1
DA:27,2
DA:40,0
DA:41,0
DA:48,0
DA:51,0
DA:53,24
DA:64,0
DA:65,0
DA:72,0
DA:73,0
DA:74,0
DA:76,0
DA:80,0
DA:81,0
DA:82,0
DA:83,0
DA:84,0
DA:85,0
DA:93,0
DA:96,0
DA:97,0
DA:98,0
DA:100,0
DA:101,0
DA:102,0
DA:114,0
DA:118,0
DA:119,11
DA:120,9
DA:121,11
DA:124,11
DA:135,2
DA:140,0
DA:141,1
DA:142,0
DA:143,1
DA:144,12
DA:145,11
DA:158,3
DA:164,1
DA:174,9
DA:175,8
DA:176,2
DA:178,1
DA:179,6
DA:180,0
DA:181,0
DA:195,1
DA:200,2
DA:209,0
DA:210,6
DA:211,1
DA:212,1
DA:213,0
DA:216,0
DA:217,0
DA:232,1
DA:236,1
DA:238,0
DA:239,0
DA:254,0
DA:259,0
DA:260,0
DA:261,0
DA:264,0
DA:265,0
DA:266,0
DA:267,0
DA:271,0
DA:272,0
DA:274,0
DA:275,0
DA:277,0
DA:280,0
DA:281,0
DA:282,0
DA:286,0
DA:287,0
DA:292,0
DA:293,0
DA:296,0
DA:297,0
DA:298,0
DA:299,0
DA:300,0
DA:301,0
DA:303,0
DA:318,13
DA:324,0
DA:325,0
DA:326,0
DA:327,0
DA:328,0
DA:332,4
DA:333,3
DA:335,3
DA:339,3
DA:340,4
DA:341,4
DA:342,4
DA:350,2
DA:351,8
DA:352,4
DA:356,13
DA:357,1
DA:362,2
DA:363,12
DA:368,12
DA:376,6
DA:377,1
DA:378,1
DA:379,1
DA:380,4
DA:396,10
DA:404,0
DA:405,1
DA:408,0
DA:409,0
DA:414,0
DA:418,0
DA:419,0
DA:420,0
DA:421,0
DA:426,0
DA:427,0
DA:428,0
DA:430,0
DA:431,0
DA:436,0
DA:439,0
DA:440,0
DA:441,0
DA:442,0
DA:443,0
DA:448,0
DA:451,0
DA:452,0
DA:453,0
DA:454,0
DA:455,0
DA:456,0
DA:460,1
DA:461,0
DA:462,0
DA:465,3
DA:467,1
DA:468,0
DA:469,0
DA:470,0
DA:471,0
DA:472,0
DA:474,0
DA:475,0
DA:476,0
DA:479,15
DA:480,2
DA:481,0
DA:483,0
DA:484,0
DA:488,0
DA:489,0
DA:494,0
DA:496,0
DA:497,0
DA:498,0
DA:499,0
DA:500,0
DA:501,0
DA:502,0
DA:503,0
DA:504,0
DA:509,7
DA:510,0
DA:513,11
DA:514,1
DA:518,4
DA:519,7
DA:520,8
DA:521,4
DA:524,18
DA:525,21
DA:543,1
DA:553,1
DA:554,1
DA:555,1
DA:558,3
DA:559,4
DA:560,1
DA:561,4
DA:562,4
DA:565,9
DA:567,11
DA:568,4
DA:571,3
DA:572,3
DA:575,3
DA:576,4
DA:577,1
DA:578,4
DA:579,4
DA:582,11
DA:583,4
DA:586,1
DA:587,2
DA:590,6
DA:591,1
DA:592,1
DA:593,4
DA:596,18
DA:597,0
DA:610,4
DA:616,1
DA:617,13
DA:618,8
DA:619,4
DA:624,13
DA:626,3
DA:627,4
DA:628,4
DA:629,4
DA:632,3
DA:633,6
DA:635,6
DA:636,1
DA:637,1
DA:638,1
DA:639,1
DA:643,6
DA:644,1
DA:645,4
DA:646,4
DA:647,1
DA:651,13
DA:652,4
DA:656,21
DA:657,17
DA:669,4
DA:674,1
DA:675,11
DA:676,11
DA:680,6
DA:681,1
DA:682,4
DA:683,4
DA:684,1
DA:687,10
DA:688,4
DA:692,0
DA:693,8
DA:704,1
DA:707,1
DA:708,3
DA:709,2
DA:710,9
DA:711,4
DA:713,11
DA:714,6
DA:715,1
DA:716,11
DA:717,0
DA:718,0
end_of_record

SF:/Users/nelsonpereira/Documents/GitHub/Auditing/Fuzzy/Blogs/ElasticSwap_Recon/elasticswap-recon/src/libraries/SafeMetadata.sol
DA:7,0
DA:17,0
DA:18,0
DA:19,0
DA:20,0
DA:22,0
DA:23,0
end_of_record

SF:/Users/nelsonpereira/Documents/GitHub/Auditing/Fuzzy/Blogs/ElasticSwap_Recon/elasticswap-recon/test/recon/BeforeAfter.sol
end_of_record

SF:/Users/nelsonpereira/Documents/GitHub/Auditing/Fuzzy/Blogs/ElasticSwap_Recon/elasticswap-recon/test/recon/CryticTester.sol
DA:10,80
DA:12,0
end_of_record

SF:/Users/nelsonpereira/Documents/GitHub/Auditing/Fuzzy/Blogs/ElasticSwap_Recon/elasticswap-recon/test/recon/Properties.sol
DA:23,19
DA:24,10
end_of_record

SF:/Users/nelsonpereira/Documents/GitHub/Auditing/Fuzzy/Blogs/ElasticSwap_Recon/elasticswap-recon/test/recon/Setup.sol
DA:26,0
DA:27,0
DA:29,0
DA:32,0
DA:33,0
DA:34,0
DA:35,0
DA:37,0
DA:39,0
DA:40,0
DA:41,0
DA:43,0
DA:44,0
DA:47,0
DA:48,0
DA:49,0
DA:50,0
DA:52,0
DA:53,0
DA:54,0
DA:55,0
DA:57,0
DA:58,0
DA:59,0
DA:60,0
DA:63,0
DA:64,0
DA:65,0
DA:67,0
DA:70,0
DA:71,0
DA:85,5
DA:86,144
end_of_record

SF:/Users/nelsonpereira/Documents/GitHub/Auditing/Fuzzy/Blogs/ElasticSwap_Recon/elasticswap-recon/test/recon/TargetFunctions.sol
DA:13,14
DA:14,79
DA:17,11
DA:18,16
DA:21,15
DA:22,78
DA:26,11
DA:27,60
DA:30,13
DA:31,59
DA:34,11
DA:35,57
DA:38,11
DA:39,11
end_of_record

