TN:
SF:/Users/nelsonpereira/Documents/GitHub/Auditing/Fuzzy/Blogs/ElasticSwap_Recon/elasticswap-recon/lib/chimera/src/Asserts.sol
DA:1,0
end_of_record

SF:/Users/nelsonpereira/Documents/GitHub/Auditing/Fuzzy/Blogs/ElasticSwap_Recon/elasticswap-recon/lib/chimera/src/BaseProperties.sol
end_of_record

SF:/Users/nelsonpereira/Documents/GitHub/Auditing/Fuzzy/Blogs/ElasticSwap_Recon/elasticswap-recon/lib/chimera/src/BaseSetup.sol
end_of_record

SF:/Users/nelsonpereira/Documents/GitHub/Auditing/Fuzzy/Blogs/ElasticSwap_Recon/elasticswap-recon/lib/chimera/src/BaseTargetFunctions.sol
end_of_record

SF:/Users/nelsonpereira/Documents/GitHub/Auditing/Fuzzy/Blogs/ElasticSwap_Recon/elasticswap-recon/lib/chimera/src/CryticAsserts.sol
DA:6,0
end_of_record

SF:/Users/nelsonpereira/Documents/GitHub/Auditing/Fuzzy/Blogs/ElasticSwap_Recon/elasticswap-recon/lib/chimera/src/Hevm.sol
DA:30,0
end_of_record

SF:/Users/nelsonpereira/Documents/GitHub/Auditing/Fuzzy/Blogs/ElasticSwap_Recon/elasticswap-recon/lib/forge-std/lib/ds-test/src/test.sol
DA:18,0
DA:38,0
DA:42,0
DA:47,0
DA:48,0
DA:49,0
DA:51,0
DA:52,0
DA:53,0
DA:54,0
DA:55,0
DA:56,0
DA:59,0
DA:61,0
DA:65,0
DA:66,0
DA:67,0
DA:68,0
DA:69,0
DA:70,0
DA:75,0
DA:81,0
DA:83,0
DA:93,0
DA:94,0
DA:95,0
DA:96,0
DA:157,0
DA:158,0
DA:159,0
DA:160,0
DA:161,0
DA:162,0
DA:521,0
DA:522,0
DA:523,0
DA:524,0
DA:525,0
end_of_record

SF:/Users/nelsonpereira/Documents/GitHub/Auditing/Fuzzy/Blogs/ElasticSwap_Recon/elasticswap-recon/lib/forge-std/src/Base.sol
DA:9,0
end_of_record

SF:/Users/nelsonpereira/Documents/GitHub/Auditing/Fuzzy/Blogs/ElasticSwap_Recon/elasticswap-recon/lib/forge-std/src/StdAssertions.sol
end_of_record

SF:/Users/nelsonpereira/Documents/GitHub/Auditing/Fuzzy/Blogs/ElasticSwap_Recon/elasticswap-recon/lib/forge-std/src/StdChains.sol
DA:66,0
end_of_record

SF:/Users/nelsonpereira/Documents/GitHub/Auditing/Fuzzy/Blogs/ElasticSwap_Recon/elasticswap-recon/lib/forge-std/src/StdCheats.sol
end_of_record

SF:/Users/nelsonpereira/Documents/GitHub/Auditing/Fuzzy/Blogs/ElasticSwap_Recon/elasticswap-recon/lib/forge-std/src/StdError.sol
DA:5,0
DA:6,0
DA:7,0
DA:8,0
DA:9,0
DA:10,0
DA:11,0
DA:12,0
DA:13,0
DA:14,0
end_of_record

SF:/Users/nelsonpereira/Documents/GitHub/Auditing/Fuzzy/Blogs/ElasticSwap_Recon/elasticswap-recon/lib/forge-std/src/StdInvariant.sol
DA:72,0
DA:73,0
DA:76,0
DA:77,0
DA:80,0
DA:81,0
DA:84,0
DA:85,0
DA:88,0
DA:89,0
DA:92,0
DA:93,0
DA:96,0
DA:97,0
DA:100,0
DA:101,0
DA:104,0
DA:105,0
end_of_record

SF:/Users/nelsonpereira/Documents/GitHub/Auditing/Fuzzy/Blogs/ElasticSwap_Recon/elasticswap-recon/lib/forge-std/src/StdJson.sol
DA:29,0
end_of_record

SF:/Users/nelsonpereira/Documents/GitHub/Auditing/Fuzzy/Blogs/ElasticSwap_Recon/elasticswap-recon/lib/forge-std/src/StdMath.sol
DA:4,0
end_of_record

SF:/Users/nelsonpereira/Documents/GitHub/Auditing/Fuzzy/Blogs/ElasticSwap_Recon/elasticswap-recon/lib/forge-std/src/StdStorage.sol
DA:16,0
DA:234,0
end_of_record

SF:/Users/nelsonpereira/Documents/GitHub/Auditing/Fuzzy/Blogs/ElasticSwap_Recon/elasticswap-recon/lib/forge-std/src/StdStyle.sol
DA:6,0
end_of_record

SF:/Users/nelsonpereira/Documents/GitHub/Auditing/Fuzzy/Blogs/ElasticSwap_Recon/elasticswap-recon/lib/forge-std/src/StdUtils.sol
DA:18,0
DA:33,0
DA:34,0
DA:37,0
DA:39,0
DA:43,0
DA:44,0
DA:47,0
DA:48,0
DA:49,0
DA:50,0
DA:51,0
DA:52,0
DA:53,0
DA:54,0
DA:55,0
DA:56,0
DA:60,0
DA:61,0
DA:62,0
DA:201,0
DA:202,0
DA:206,0
DA:209,0
DA:210,0
DA:211,0
DA:219,0
DA:220,0
end_of_record

SF:/Users/nelsonpereira/Documents/GitHub/Auditing/Fuzzy/Blogs/ElasticSwap_Recon/elasticswap-recon/lib/forge-std/src/Test.sol
end_of_record

SF:/Users/nelsonpereira/Documents/GitHub/Auditing/Fuzzy/Blogs/ElasticSwap_Recon/elasticswap-recon/lib/forge-std/src/Vm.sol
end_of_record

SF:/Users/nelsonpereira/Documents/GitHub/Auditing/Fuzzy/Blogs/ElasticSwap_Recon/elasticswap-recon/lib/forge-std/src/console.sol
DA:4,0
end_of_record

SF:/Users/nelsonpereira/Documents/GitHub/Auditing/Fuzzy/Blogs/ElasticSwap_Recon/elasticswap-recon/lib/forge-std/src/console2.sol
DA:9,0
end_of_record

SF:/Users/nelsonpereira/Documents/GitHub/Auditing/Fuzzy/Blogs/ElasticSwap_Recon/elasticswap-recon/lib/forge-std/src/interfaces/IMulticall3.sol
end_of_record

SF:/Users/nelsonpereira/Documents/GitHub/Auditing/Fuzzy/Blogs/ElasticSwap_Recon/elasticswap-recon/lib/forge-std/src/mocks/MockERC20.sol
DA:6,0
DA:19,8
DA:21,0
DA:23,0
DA:29,4
DA:31,21
DA:33,0
DA:43,0
DA:54,0
DA:55,0
DA:57,0
DA:58,0
DA:59,0
DA:61,0
DA:62,0
DA:64,0
DA:71,0
DA:72,0
DA:74,0
DA:76,0
DA:79,0
DA:80,0
DA:81,0
DA:83,0
DA:88,0
DA:89,0
DA:91,0
DA:93,0
DA:94,0
DA:96,0
DA:98,0
DA:105,0
DA:109,0
DA:111,0
DA:112,0
DA:113,0
DA:115,0
DA:116,0
DA:117,0
DA:118,0
DA:121,0
DA:122,0
DA:123,0
DA:124,0
DA:135,0
DA:137,0
DA:139,0
DA:142,0
DA:143,0
DA:146,0
DA:147,0
DA:148,0
DA:149,0
DA:150,0
DA:151,0
DA:152,0
DA:153,0
DA:162,0
DA:163,0
DA:164,0
DA:166,0
DA:169,0
DA:170,0
DA:171,0
DA:173,0
DA:180,3
DA:181,2
DA:182,0
DA:186,1
DA:187,0
DA:188,0
DA:199,0
DA:202,0
DA:208,0
DA:209,0
DA:214,0
end_of_record

SF:/Users/nelsonpereira/Documents/GitHub/Auditing/Fuzzy/Blogs/ElasticSwap_Recon/elasticswap-recon/lib/forge-std/src/mocks/MockERC721.sol
DA:6,0
DA:21,0
DA:23,0
DA:25,0
DA:35,0
DA:36,0
DA:39,0
DA:40,0
DA:42,0
DA:49,0
DA:51,0
DA:62,0
DA:63,0
DA:65,0
DA:66,0
DA:68,0
DA:75,0
DA:76,0
DA:78,0
DA:80,0
DA:82,0
DA:85,0
DA:86,0
DA:88,0
DA:91,0
DA:92,0
DA:94,0
DA:96,0
DA:97,0
DA:102,0
DA:104,0
DA:106,0
DA:108,0
DA:110,0
DA:113,0
DA:114,0
DA:116,0
DA:117,0
DA:118,0
DA:119,0
DA:124,0
DA:125,0
DA:127,0
DA:128,0
DA:129,0
DA:130,0
DA:139,0
DA:140,0
DA:141,0
DA:142,0
DA:212,0
DA:215,0
end_of_record

SF:/Users/nelsonpereira/Documents/GitHub/Auditing/Fuzzy/Blogs/ElasticSwap_Recon/elasticswap-recon/lib/forge-std/src/safeconsole.sol
DA:6,0
end_of_record

SF:/Users/nelsonpereira/Documents/GitHub/Auditing/Fuzzy/Blogs/ElasticSwap_Recon/elasticswap-recon/lib/forge-std/test/mocks/MockERC20.t.sol
DA:8,40
DA:9,0
DA:10,0
DA:13,0
DA:14,0
DA:17,0
DA:18,0
DA:22,0
DA:28,0
DA:29,0
DA:32,0
DA:33,0
DA:34,0
DA:35,0
DA:38,0
DA:39,0
DA:41,0
DA:42,0
DA:45,0
DA:46,0
DA:47,0
DA:49,0
DA:50,0
DA:53,0
DA:54,0
DA:56,0
DA:59,0
DA:60,0
DA:62,0
DA:63,0
DA:65,0
DA:69,0
DA:70,0
DA:72,0
DA:74,0
DA:75,0
DA:77,0
DA:78,0
DA:80,0
DA:86,0
DA:87,0
DA:89,0
DA:91,0
DA:92,0
DA:94,0
DA:95,0
DA:97,0
DA:99,0
DA:100,0
DA:103,0
DA:104,0
DA:105,0
DA:107,0
DA:108,0
DA:109,0
DA:110,0
DA:112,0
DA:113,0
DA:118,0
DA:120,0
DA:121,0
DA:124,0
DA:125,0
DA:126,0
DA:129,0
DA:130,0
DA:132,0
DA:134,0
DA:135,0
DA:140,0
DA:141,0
DA:143,0
DA:145,0
DA:146,0
DA:148,0
DA:151,0
DA:152,0
DA:153,0
DA:155,0
DA:156,0
DA:157,0
DA:158,0
DA:160,0
DA:161,0
DA:166,0
DA:169,0
DA:170,0
DA:171,0
DA:173,0
DA:174,0
DA:175,0
DA:176,0
DA:178,0
DA:179,0
DA:184,0
DA:187,0
DA:188,0
DA:189,0
DA:190,0
DA:192,0
DA:193,0
DA:194,0
DA:195,0
DA:197,0
DA:198,0
DA:203,0
DA:204,0
DA:207,0
DA:208,0
DA:209,0
DA:211,0
DA:212,0
DA:213,0
DA:214,0
DA:216,0
DA:217,0
DA:222,0
DA:223,0
DA:226,0
DA:227,0
DA:228,0
DA:229,0
DA:230,0
DA:233,0
DA:234,0
DA:236,0
DA:240,0
DA:241,0
DA:243,0
DA:244,0
DA:246,0
DA:247,0
DA:250,0
DA:251,0
DA:253,0
DA:256,0
DA:257,0
DA:259,0
DA:260,0
DA:262,0
DA:263,0
DA:265,0
DA:266,0
DA:270,0
DA:271,0
DA:273,0
DA:275,0
DA:277,0
DA:278,0
DA:280,0
DA:281,0
DA:283,0
DA:284,0
DA:286,0
DA:287,0
DA:289,0
DA:290,0
DA:294,0
DA:295,0
DA:296,0
DA:297,0
DA:299,0
DA:301,0
DA:302,0
DA:303,0
DA:304,0
DA:306,0
DA:307,0
DA:312,0
DA:314,0
DA:315,0
DA:318,0
DA:319,0
DA:321,0
DA:322,0
DA:325,0
DA:326,0
DA:328,0
DA:329,0
DA:332,0
DA:333,0
DA:335,0
DA:337,0
DA:339,0
DA:340,0
DA:345,0
DA:346,0
DA:348,0
DA:350,0
DA:352,0
DA:353,0
DA:355,0
DA:358,0
DA:361,0
DA:362,0
DA:363,0
DA:365,0
DA:367,0
DA:368,0
DA:369,0
DA:370,0
DA:372,0
DA:373,0
DA:378,0
DA:381,0
DA:382,0
DA:383,0
DA:385,0
DA:387,0
DA:388,0
DA:389,0
DA:390,0
DA:392,0
DA:393,0
DA:398,0
DA:401,0
DA:402,0
DA:403,0
DA:405,0
DA:407,0
DA:408,0
DA:409,0
DA:410,0
DA:412,0
DA:413,0
DA:418,0
DA:421,0
DA:422,0
DA:423,0
DA:425,0
DA:427,0
DA:428,0
DA:429,0
DA:430,0
DA:432,0
DA:433,0
DA:438,0
DA:439,0
end_of_record

SF:/Users/nelsonpereira/Documents/GitHub/Auditing/Fuzzy/Blogs/ElasticSwap_Recon/elasticswap-recon/node_modules/@openzeppelin/contracts/access/Ownable.sol
DA:29,0
DA:36,0
DA:43,0
DA:44,0
DA:50,0
DA:51,0
DA:61,0
DA:62,0
DA:69,0
DA:70,0
DA:71,0
DA:78,1
DA:79,2
DA:80,3
DA:81,0
end_of_record

SF:/Users/nelsonpereira/Documents/GitHub/Auditing/Fuzzy/Blogs/ElasticSwap_Recon/elasticswap-recon/node_modules/@openzeppelin/contracts/security/ReentrancyGuard.sol
DA:34,0
DA:35,1
DA:40,0
DA:51,4
DA:52,0
DA:53,1
DA:56,1
DA:58,2
DA:61,2
DA:64,1
DA:67,1
end_of_record

SF:/Users/nelsonpereira/Documents/GitHub/Auditing/Fuzzy/Blogs/ElasticSwap_Recon/elasticswap-recon/node_modules/@openzeppelin/contracts/token/ERC20/ERC20.sol
DA:38,0
DA:54,0
DA:55,0
DA:56,0
DA:62,8
DA:63,0
DA:70,2
DA:71,4
DA:87,0
DA:88,0
DA:94,5
DA:95,2
DA:101,10
DA:102,13
DA:113,0
DA:115,0
DA:122,1
DA:123,15
DA:136,2
DA:138,5
DA:139,0
DA:158,1
DA:160,0
DA:161,0
DA:162,2
DA:177,0
DA:179,0
DA:197,2
DA:199,0
DA:200,13
DA:202,0
DA:222,5
DA:223,0
DA:224,1
DA:228,0
DA:229,9
DA:231,20
DA:234,18
DA:237,6
DA:239,1
DA:251,0
DA:252,12
DA:256,15
DA:259,7
DA:261,0
DA:277,0
DA:278,2
DA:282,11
DA:283,0
DA:285,9
DA:287,3
DA:290,3
DA:308,0
DA:309,0
DA:310,0
DA:312,0
DA:313,0
DA:324,0
DA:325,0
DA:326,0
DA:327,0
DA:329,0
DA:348,0
end_of_record

SF:/Users/nelsonpereira/Documents/GitHub/Auditing/Fuzzy/Blogs/ElasticSwap_Recon/elasticswap-recon/node_modules/@openzeppelin/contracts/token/ERC20/IERC20.sol
end_of_record

SF:/Users/nelsonpereira/Documents/GitHub/Auditing/Fuzzy/Blogs/ElasticSwap_Recon/elasticswap-recon/node_modules/@openzeppelin/contracts/token/ERC20/extensions/ERC20Burnable.sol
DA:20,0
DA:21,0
DA:35,0
DA:36,0
DA:37,2
end_of_record

SF:/Users/nelsonpereira/Documents/GitHub/Auditing/Fuzzy/Blogs/ElasticSwap_Recon/elasticswap-recon/node_modules/@openzeppelin/contracts/token/ERC20/extensions/IERC20Metadata.sol
end_of_record

SF:/Users/nelsonpereira/Documents/GitHub/Auditing/Fuzzy/Blogs/ElasticSwap_Recon/elasticswap-recon/node_modules/@openzeppelin/contracts/token/ERC20/extensions/IERC20Permit.sol
end_of_record

SF:/Users/nelsonpereira/Documents/GitHub/Auditing/Fuzzy/Blogs/ElasticSwap_Recon/elasticswap-recon/node_modules/@openzeppelin/contracts/token/ERC20/presets/ERC20PresetFixedSupply.sol
DA:21,0
DA:27,0
DA:28,0
end_of_record

SF:/Users/nelsonpereira/Documents/GitHub/Auditing/Fuzzy/Blogs/ElasticSwap_Recon/elasticswap-recon/node_modules/@openzeppelin/contracts/token/ERC20/utils/SafeERC20.sol
DA:19,0
DA:26,1
DA:27,2
DA:34,1
DA:35,41
DA:117,0
DA:122,10
DA:123,33
end_of_record

SF:/Users/nelsonpereira/Documents/GitHub/Auditing/Fuzzy/Blogs/ElasticSwap_Recon/elasticswap-recon/node_modules/@openzeppelin/contracts/utils/Address.sol
DA:9,0
DA:45,0
DA:99,1
DA:103,1
DA:104,9
DA:128,0
DA:133,0
DA:134,5
DA:135,16
DA:136,0
DA:195,0
DA:200,0
DA:201,0
DA:202,0
DA:205,0
DA:207,0
DA:209,0
DA:233,0
DA:236,0
DA:237,0
DA:238,0
DA:241,0
end_of_record

SF:/Users/nelsonpereira/Documents/GitHub/Auditing/Fuzzy/Blogs/ElasticSwap_Recon/elasticswap-recon/node_modules/@openzeppelin/contracts/utils/Context.sol
DA:17,0
DA:18,3
end_of_record

SF:/Users/nelsonpereira/Documents/GitHub/Auditing/Fuzzy/Blogs/ElasticSwap_Recon/elasticswap-recon/src/contracts/Exchange.sol
DA:17,81
DA:21,0
DA:22,0
DA:23,0
DA:25,0
DA:26,0
DA:29,0
DA:53,26
DA:54,0
DA:65,0
DA:71,0
DA:72,0
DA:73,0
DA:74,0
DA:89,7
DA:96,0
DA:97,70
DA:98,2
DA:99,16
DA:100,2
DA:101,2
DA:102,2
DA:103,2
DA:104,73
DA:106,1
DA:109,0
DA:110,0
DA:111,0
DA:113,0
DA:115,4
DA:116,27
DA:117,4
DA:121,0
DA:122,0
DA:124,0
DA:125,0
DA:129,0
DA:131,0
DA:134,0
DA:136,0
DA:138,0
DA:139,0
DA:140,0
DA:141,0
DA:144,0
DA:145,2
DA:146,0
DA:147,0
DA:153,7
DA:155,8
DA:156,2
DA:157,2
DA:158,4
DA:162,11
DA:163,0
DA:164,2
DA:165,5
DA:179,1
DA:185,1
DA:186,84
DA:187,11
DA:188,7
DA:192,4
DA:193,66
DA:194,4
DA:195,67
DA:197,70
DA:199,4
DA:200,74
DA:202,1
DA:206,7
DA:208,2
DA:209,12
DA:211,3
DA:212,12
DA:213,1
DA:215,6
DA:216,4
DA:220,6
DA:221,4
DA:229,0
DA:230,0
DA:231,0
DA:232,0
DA:233,0
DA:235,0
DA:236,0
DA:241,0
DA:242,1
DA:243,0
DA:244,0
DA:246,0
DA:247,0
DA:248,0
DA:249,0
DA:252,0
DA:253,3
DA:254,1
DA:257,0
DA:258,0
DA:259,0
DA:260,0
DA:264,0
DA:265,0
DA:266,0
DA:267,0
DA:268,0
DA:282,0
DA:286,0
DA:287,0
DA:288,0
DA:292,0
DA:293,0
DA:297,0
DA:300,0
DA:301,0
DA:302,0
DA:303,0
DA:306,0
DA:307,0
DA:318,0
DA:322,0
DA:323,0
DA:324,0
DA:328,1
DA:329,11
DA:330,0
DA:331,0
DA:332,0
DA:334,0
DA:337,6
DA:338,1
DA:339,1
DA:340,1
DA:343,8
DA:344,9
end_of_record

SF:/Users/nelsonpereira/Documents/GitHub/Auditing/Fuzzy/Blogs/ElasticSwap_Recon/elasticswap-recon/src/contracts/ExchangeFactory.sol
DA:17,0
DA:20,0
DA:22,0
DA:30,0
DA:31,0
DA:32,0
DA:40,0
DA:43,0
DA:44,0
DA:45,0
DA:48,0
DA:49,0
DA:50,0
DA:54,0
DA:55,0
DA:57,0
DA:58,0
DA:60,0
DA:61,0
DA:63,0
DA:67,0
DA:68,0
DA:69,0
DA:70,0
DA:73,0
DA:76,0
DA:78,0
DA:81,0
DA:82,0
DA:83,0
DA:86,0
DA:87,0
DA:90,0
DA:91,0
end_of_record

SF:/Users/nelsonpereira/Documents/GitHub/Auditing/Fuzzy/Blogs/ElasticSwap_Recon/elasticswap-recon/src/contracts/mocks/ElasticMock.sol
DA:10,46
DA:11,0
DA:16,0
DA:21,0
DA:25,0
end_of_record

SF:/Users/nelsonpereira/Documents/GitHub/Auditing/Fuzzy/Blogs/ElasticSwap_Recon/elasticswap-recon/src/interfaces/IExchangeFactory.sol
end_of_record

SF:/Users/nelsonpereira/Documents/GitHub/Auditing/Fuzzy/Blogs/ElasticSwap_Recon/elasticswap-recon/src/libraries/MathLib.sol
DA:8,66
DA:26,0
DA:27,3
DA:40,5
DA:41,11
DA:48,0
DA:51,0
DA:53,0
DA:64,17
DA:65,15
DA:72,2
DA:73,5
DA:74,10
DA:76,0
DA:80,11
DA:81,15
DA:82,3
DA:83,10
DA:84,4
DA:85,20
DA:93,3
DA:96,1
DA:97,5
DA:98,15
DA:100,3
DA:101,4
DA:102,4
DA:114,3
DA:118,1
DA:119,19
DA:120,3
DA:121,11
DA:124,14
DA:135,0
DA:140,0
DA:141,0
DA:142,0
DA:143,0
DA:144,0
DA:145,0
DA:158,0
DA:164,0
DA:174,0
DA:175,0
DA:176,0
DA:178,0
DA:179,0
DA:180,0
DA:181,0
DA:195,2
DA:200,0
DA:209,0
DA:210,0
DA:211,0
DA:212,0
DA:213,0
DA:215,1
DA:216,1
DA:217,0
DA:232,1
DA:236,1
DA:238,5
DA:239,1
DA:254,0
DA:259,0
DA:260,0
DA:261,0
DA:264,0
DA:265,0
DA:266,0
DA:267,0
DA:271,0
DA:272,0
DA:274,0
DA:275,0
DA:277,0
DA:280,0
DA:281,0
DA:282,0
DA:286,0
DA:287,0
DA:292,0
DA:293,0
DA:296,0
DA:297,0
DA:298,0
DA:299,0
DA:300,0
DA:301,0
DA:303,0
DA:318,0
DA:324,0
DA:325,0
DA:326,0
DA:327,0
DA:328,0
DA:332,0
DA:333,0
DA:335,0
DA:339,0
DA:340,0
DA:341,0
DA:342,0
DA:350,0
DA:351,0
DA:352,0
DA:356,0
DA:357,0
DA:362,0
DA:363,0
DA:368,0
DA:376,0
DA:377,0
DA:378,0
DA:379,0
DA:380,0
DA:396,23
DA:404,2
DA:405,6
DA:408,42
DA:409,2
DA:414,8
DA:418,4
DA:419,37
DA:420,1
DA:421,1
DA:426,0
DA:427,0
DA:428,0
DA:430,0
DA:431,0
DA:436,0
DA:439,0
DA:440,0
DA:441,0
DA:442,0
DA:443,0
DA:448,0
DA:451,0
DA:452,0
DA:453,0
DA:454,0
DA:455,0
DA:456,0
DA:460,0
DA:461,0
DA:462,0
DA:465,0
DA:467,0
DA:468,0
DA:469,0
DA:470,0
DA:471,0
DA:472,0
DA:474,0
DA:475,0
DA:476,0
DA:479,0
DA:480,0
DA:481,0
DA:483,0
DA:484,0
DA:488,0
DA:489,0
DA:494,4
DA:496,3
DA:497,3
DA:498,4
DA:499,1
DA:500,1
DA:501,1
DA:502,1
DA:503,1
DA:504,1
DA:509,0
DA:510,0
DA:513,0
DA:514,0
DA:518,0
DA:519,0
DA:520,0
DA:521,0
DA:524,0
DA:525,0
DA:543,13
DA:553,1
DA:554,1
DA:555,1
DA:558,3
DA:559,4
DA:560,1
DA:561,4
DA:562,4
DA:565,9
DA:567,11
DA:568,4
DA:571,3
DA:572,3
DA:575,3
DA:576,4
DA:577,1
DA:578,4
DA:579,4
DA:582,11
DA:583,4
DA:586,1
DA:587,2
DA:590,6
DA:591,1
DA:592,1
DA:593,4
DA:596,21
DA:597,21
DA:610,0
DA:616,0
DA:617,0
DA:618,0
DA:619,0
DA:624,0
DA:626,0
DA:627,0
DA:628,0
DA:629,0
DA:632,0
DA:633,0
DA:635,0
DA:636,0
DA:637,0
DA:638,0
DA:639,0
DA:643,0
DA:644,0
DA:645,0
DA:646,0
DA:647,0
DA:651,0
DA:652,0
DA:656,0
DA:657,0
DA:669,0
DA:674,0
DA:675,0
DA:676,0
DA:680,0
DA:681,0
DA:682,0
DA:683,0
DA:684,0
DA:687,0
DA:688,0
DA:692,0
DA:693,0
DA:704,18
DA:707,1
DA:708,3
DA:709,2
DA:710,9
DA:711,4
DA:713,11
DA:714,7
DA:715,0
DA:716,0
DA:717,0
DA:718,0
end_of_record

SF:/Users/nelsonpereira/Documents/GitHub/Auditing/Fuzzy/Blogs/ElasticSwap_Recon/elasticswap-recon/src/libraries/SafeMetadata.sol
DA:7,0
DA:17,0
DA:18,0
DA:19,0
DA:20,0
DA:22,0
DA:23,0
end_of_record

SF:/Users/nelsonpereira/Documents/GitHub/Auditing/Fuzzy/Blogs/ElasticSwap_Recon/elasticswap-recon/test/recon/BeforeAfter.sol
end_of_record

SF:/Users/nelsonpereira/Documents/GitHub/Auditing/Fuzzy/Blogs/ElasticSwap_Recon/elasticswap-recon/test/recon/CryticTester.sol
DA:10,39
DA:12,0
end_of_record

SF:/Users/nelsonpereira/Documents/GitHub/Auditing/Fuzzy/Blogs/ElasticSwap_Recon/elasticswap-recon/test/recon/Properties.sol
DA:12,0
DA:16,0
DA:17,0
DA:23,0
end_of_record

SF:/Users/nelsonpereira/Documents/GitHub/Auditing/Fuzzy/Blogs/ElasticSwap_Recon/elasticswap-recon/test/recon/Setup.sol
DA:21,0
DA:23,0
DA:26,0
DA:27,0
DA:28,0
DA:29,0
DA:31,0
DA:33,0
DA:34,0
DA:35,0
DA:37,0
DA:38,0
DA:41,0
DA:42,0
DA:43,0
DA:44,0
DA:46,0
DA:47,0
DA:48,0
DA:49,0
DA:51,0
DA:52,0
DA:53,0
DA:54,0
DA:57,0
DA:58,0
DA:59,0
DA:63,0
DA:64,0
end_of_record

SF:/Users/nelsonpereira/Documents/GitHub/Auditing/Fuzzy/Blogs/ElasticSwap_Recon/elasticswap-recon/test/recon/TargetFunctions.sol
DA:13,11
DA:18,48
DA:25,11
DA:29,48
end_of_record

